
> rag-docs@0.1.0 lint
> eslint


D:\Learning\Coding\New Era - Feb 2026\rag-docs\app\page.tsx
  25:5  error  Error: Calling setState synchronously within an effect can trigger cascading renders

Effects are intended to synchronize state between React and external systems such as manually updating the DOM, state management libraries, or other platform APIs. In general, the body of an effect should do one or both of the following:
* Update external systems with the latest state from React.
* Subscribe for updates from some external system, calling setState in a callback function when external state changes.

Calling setState synchronously within an effect body causes cascading renders that can hurt performance, and is not recommended. (https://react.dev/learn/you-might-not-need-an-effect).

D:\Learning\Coding\New Era - Feb 2026\rag-docs\app\page.tsx:25:5
  23 |       localStorage.setItem("rag_session_id", id);
  24 |     }
> 25 |     setSessionId(id);
     |     ^^^^^^^^^^^^ Avoid calling setState() directly within an effect
  26 |   }, []);
  27 |
  28 |   const handleWipe = async () => {  react-hooks/set-state-in-effect

D:\Learning\Coding\New Era - Feb 2026\rag-docs\components\ChatPanel.tsx
   85:22  warning  'e' is defined but never used                                    @typescript-eslint/no-unused-vars
   91:14  warning  'err' is defined but never used                                  @typescript-eslint/no-unused-vars
  154:29  error    `"` can be escaped with `&quot;`, `&ldquo;`, `&#34;`, `&rdquo;`  react/no-unescaped-entities
  154:35  error    `"` can be escaped with `&quot;`, `&ldquo;`, `&#34;`, `&rdquo;`  react/no-unescaped-entities

D:\Learning\Coding\New Era - Feb 2026\rag-docs\components\TurboZone.tsx
  78:19  error  Unexpected any. Specify a different type  @typescript-eslint/no-explicit-any

Γ£û 6 problems (4 errors, 2 warnings)

